{"name": "Проверка отображения созданного заказа в Ленте заказов", "status": "broken", "statusDetails": {"message": "selenium.common.exceptions.ElementClickInterceptedException: Message: Element <a class=\"Account_link__2ETsJ text text_type_main-medium text_color_inactive\" href=\"/account/order-history\"> is not clickable at point (171,307) because another element <div class=\"Modal_modal_overlay__x2ZCr\"> obscures it\nStacktrace:\nRemoteError@chrome://remote/content/shared/RemoteError.sys.mjs:8:8\nWebDriverError@chrome://remote/content/shared/webdriver/Errors.sys.mjs:187:5\nElementClickInterceptedError@chrome://remote/content/shared/webdriver/Errors.sys.mjs:331:5\nwebdriverClickElement@chrome://remote/content/marionette/interaction.sys.mjs:162:11\ninteraction.clickElement@chrome://remote/content/marionette/interaction.sys.mjs:121:11\nclickElement@chrome://remote/content/marionette/actors/MarionetteCommandsChild.sys.mjs:214:29\nreceiveMessage@chrome://remote/content/marionette/actors/MarionetteCommandsChild.sys.mjs:97:31", "trace": "self = <test_orders_page.TestOrderListPage object at 0x0000020C700E5460>\ndriver = <selenium.webdriver.firefox.webdriver.WebDriver (session=\"22d3c0f0-2d53-42b7-addc-95b4f9210a26\")>, login = None\n\n    @allure.title('Проверка отображения созданного заказа в Ленте заказов')\n    def test_new_order_in_orderlist(self, driver, login):\n        main_page = MainPage(driver)\n        header_page = HeaderPage(driver)\n        account_page = UserAccountPage(driver)\n        order_page = OrdersPage(driver)\n        main_page.make_order_and_get_order_number()\n        account_page.click_account_btn()\n>       account_page.click_on_order_list()\n\ntests\\test_orders_page.py:27: \n_ _ _ _ _ _ _ _ _ _ _ _ _ _ _ _ _ _ _ _ _ _ _ _ _ _ _ _ _ _ _ _ _ _ _ _ _ _ _ _ _ _ _ _ _ _ _ _ _ _ _ _ _ _ _ _ _ _ _ _ _ _ _ _ _ _ _ _ _ _ _ _ _ _ _ _ _ _ _ _ _ \npages\\user_account_page.py:23: in click_on_order_list\n    self.click_to_visible_element(UserAccountLocators.ORDERS_HISTORY_BTN)\npages\\base_page.py:32: in click_to_visible_element\n    WebDriverWait(self.driver, 15).until(EC.visibility_of_element_located(locator)).click()\n..\\..\\..\\Diplom_3\\Lib\\site-packages\\selenium\\webdriver\\remote\\webelement.py:94: in click\n    self._execute(Command.CLICK_ELEMENT)\n..\\..\\..\\Diplom_3\\Lib\\site-packages\\selenium\\webdriver\\remote\\webelement.py:395: in _execute\n    return self._parent.execute(command, params)\n..\\..\\..\\Diplom_3\\Lib\\site-packages\\selenium\\webdriver\\remote\\webdriver.py:354: in execute\n    self.error_handler.check_response(response)\n_ _ _ _ _ _ _ _ _ _ _ _ _ _ _ _ _ _ _ _ _ _ _ _ _ _ _ _ _ _ _ _ _ _ _ _ _ _ _ _ _ _ _ _ _ _ _ _ _ _ _ _ _ _ _ _ _ _ _ _ _ _ _ _ _ _ _ _ _ _ _ _ _ _ _ _ _ _ _ _ _ \n\nself = <selenium.webdriver.remote.errorhandler.ErrorHandler object at 0x0000020C7018A360>\nresponse = {'status': 400, 'value': '{\"value\":{\"error\":\"element click intercepted\",\"message\":\"Element <a class=\\\\\"Account_link__2...sys.mjs:214:29\\\\nreceiveMessage@chrome://remote/content/marionette/actors/MarionetteCommandsChild.sys.mjs:97:31\\\\n\"}}'}\n\n    def check_response(self, response: Dict[str, Any]) -> None:\n        \"\"\"Checks that a JSON response from the WebDriver does not have an\n        error.\n    \n        :Args:\n         - response - The JSON response from the WebDriver server as a dictionary\n           object.\n    \n        :Raises: If the response contains an error message.\n        \"\"\"\n        status = response.get(\"status\", None)\n        if not status or status == ErrorCode.SUCCESS:\n            return\n        value = None\n        message = response.get(\"message\", \"\")\n        screen: str = response.get(\"screen\", \"\")\n        stacktrace = None\n        if isinstance(status, int):\n            value_json = response.get(\"value\", None)\n            if value_json and isinstance(value_json, str):\n                import json\n    \n                try:\n                    value = json.loads(value_json)\n                    if len(value) == 1:\n                        value = value[\"value\"]\n                    status = value.get(\"error\", None)\n                    if not status:\n                        status = value.get(\"status\", ErrorCode.UNKNOWN_ERROR)\n                        message = value.get(\"value\") or value.get(\"message\")\n                        if not isinstance(message, str):\n                            value = message\n                            message = message.get(\"message\")\n                    else:\n                        message = value.get(\"message\", None)\n                except ValueError:\n                    pass\n    \n        exception_class: Type[WebDriverException]\n        e = ErrorCode()\n        error_codes = [item for item in dir(e) if not item.startswith(\"__\")]\n        for error_code in error_codes:\n            error_info = getattr(ErrorCode, error_code)\n            if isinstance(error_info, list) and status in error_info:\n                exception_class = getattr(ExceptionMapping, error_code, WebDriverException)\n                break\n        else:\n            exception_class = WebDriverException\n    \n        if not value:\n            value = response[\"value\"]\n        if isinstance(value, str):\n            raise exception_class(value)\n        if message == \"\" and \"message\" in value:\n            message = value[\"message\"]\n    \n        screen = None  # type: ignore[assignment]\n        if \"screen\" in value:\n            screen = value[\"screen\"]\n    \n        stacktrace = None\n        st_value = value.get(\"stackTrace\") or value.get(\"stacktrace\")\n        if st_value:\n            if isinstance(st_value, str):\n                stacktrace = st_value.split(\"\\n\")\n            else:\n                stacktrace = []\n                try:\n                    for frame in st_value:\n                        line = frame.get(\"lineNumber\", \"\")\n                        file = frame.get(\"fileName\", \"<anonymous>\")\n                        if line:\n                            file = f\"{file}:{line}\"\n                        meth = frame.get(\"methodName\", \"<anonymous>\")\n                        if \"className\" in frame:\n                            meth = f\"{frame['className']}.{meth}\"\n                        msg = \"    at %s (%s)\"\n                        msg = msg % (meth, file)\n                        stacktrace.append(msg)\n                except TypeError:\n                    pass\n        if exception_class == UnexpectedAlertPresentException:\n            alert_text = None\n            if \"data\" in value:\n                alert_text = value[\"data\"].get(\"text\")\n            elif \"alert\" in value:\n                alert_text = value[\"alert\"].get(\"text\")\n            raise exception_class(message, screen, stacktrace, alert_text)  # type: ignore[call-arg]  # mypy is not smart enough here\n>       raise exception_class(message, screen, stacktrace)\nE       selenium.common.exceptions.ElementClickInterceptedException: Message: Element <a class=\"Account_link__2ETsJ text text_type_main-medium text_color_inactive\" href=\"/account/order-history\"> is not clickable at point (171,307) because another element <div class=\"Modal_modal_overlay__x2ZCr\"> obscures it\nE       Stacktrace:\nE       RemoteError@chrome://remote/content/shared/RemoteError.sys.mjs:8:8\nE       WebDriverError@chrome://remote/content/shared/webdriver/Errors.sys.mjs:187:5\nE       ElementClickInterceptedError@chrome://remote/content/shared/webdriver/Errors.sys.mjs:331:5\nE       webdriverClickElement@chrome://remote/content/marionette/interaction.sys.mjs:162:11\nE       interaction.clickElement@chrome://remote/content/marionette/interaction.sys.mjs:121:11\nE       clickElement@chrome://remote/content/marionette/actors/MarionetteCommandsChild.sys.mjs:214:29\nE       receiveMessage@chrome://remote/content/marionette/actors/MarionetteCommandsChild.sys.mjs:97:31\n\n..\\..\\..\\Diplom_3\\Lib\\site-packages\\selenium\\webdriver\\remote\\errorhandler.py:229: ElementClickInterceptedException"}, "steps": [{"name": "Создание заказа и получение его номера", "status": "passed", "steps": [{"name": "Ожидание видимости элемента на странице", "status": "passed", "parameters": [{"name": "locator", "value": "('xpath', '//*[@href=\"/ingredient/61c0c5a71d1f82001bdaaa6d\"]')"}], "start": 1719096152983, "stop": 1719096153524}, {"name": "Перетаскивание элемента", "status": "passed", "parameters": [{"name": "locator_from", "value": "('xpath', '//*[@href=\"/ingredient/61c0c5a71d1f82001bdaaa6d\"]')"}, {"name": "locator_to", "value": "('xpath', '//ul[contains(@class,\"BurgerConstructor_basket\")]')"}], "start": 1719096153524, "stop": 1719096153585}, {"name": "Перетаскивание элемента", "status": "passed", "parameters": [{"name": "locator_from", "value": "('xpath', '//*[@href=\"/ingredient/61c0c5a71d1f82001bdaaa6f\"]')"}, {"name": "locator_to", "value": "('xpath', '//ul[contains(@class,\"BurgerConstructor_basket\")]')"}], "start": 1719096153585, "stop": 1719096153631}, {"name": "Поиск элемента", "status": "passed", "parameters": [{"name": "locator", "value": "('xpath', '//button[text()=\"Оформить заказ\"]')"}], "start": 1719096153631, "stop": 1719096153647}, {"name": "Перемещение до элемента и клик по нему", "status": "passed", "parameters": [{"name": "locator", "value": "('xpath', '//button[text()=\"Оформить заказ\"]')"}], "start": 1719096153663, "stop": 1719096154218}, {"name": "Ожидание видимости элемента на странице", "status": "passed", "parameters": [{"name": "locator", "value": "('xpath', '//p[text()=\"Ваш заказ начали готовить\"]')"}], "start": 1719096154218, "stop": 1719096154760}, {"name": "Ожидание невидимости элемента на странице", "status": "passed", "parameters": [{"name": "locator", "value": "('xpath', '//h2[text()=\"9999\"]')"}], "start": 1719096154760, "stop": 1719096155794}, {"name": "Получение текста элемента", "status": "passed", "parameters": [{"name": "locator", "value": "('xpath', '//*[contains(@class, \"type_digits-large\")]')"}], "start": 1719096155794, "stop": 1719096155809}, {"name": "Перемещение до элемента и клик по нему", "status": "passed", "parameters": [{"name": "locator", "value": "('xpath', '//button[contains(@class,\"close\")]')"}], "start": 1719096155809, "stop": 1719096156393}], "start": 1719096152983, "stop": 1719096156393}, {"name": "Клик по кнопке Личный кабинет", "status": "passed", "steps": [{"name": "Перемещение до элемента и клик по нему", "status": "passed", "parameters": [{"name": "locator", "value": "('xpath', '//*[@href=\"/account\"]')"}], "start": 1719096156393, "stop": 1719096156957}, {"name": "Ожидание видимости элемента на странице", "status": "passed", "parameters": [{"name": "locator", "value": "('xpath', '//*[@href=\"/account/profile\"]')"}], "start": 1719096156957, "stop": 1719096157480}], "start": 1719096156393, "stop": 1719096157480}, {"name": "Клик по кнопке \"История заказов\"", "status": "broken", "statusDetails": {"message": "selenium.common.exceptions.ElementClickInterceptedException: Message: Element <a class=\"Account_link__2ETsJ text text_type_main-medium text_color_inactive\" href=\"/account/order-history\"> is not clickable at point (171,307) because another element <div class=\"Modal_modal_overlay__x2ZCr\"> obscures it\nStacktrace:\nRemoteError@chrome://remote/content/shared/RemoteError.sys.mjs:8:8\nWebDriverError@chrome://remote/content/shared/webdriver/Errors.sys.mjs:187:5\nElementClickInterceptedError@chrome://remote/content/shared/webdriver/Errors.sys.mjs:331:5\nwebdriverClickElement@chrome://remote/content/marionette/interaction.sys.mjs:162:11\ninteraction.clickElement@chrome://remote/content/marionette/interaction.sys.mjs:121:11\nclickElement@chrome://remote/content/marionette/actors/MarionetteCommandsChild.sys.mjs:214:29\nreceiveMessage@chrome://remote/content/marionette/actors/MarionetteCommandsChild.sys.mjs:97:31\n\n", "trace": "  File \"C:\\Users\\skugu_000\\Diplom_3\\Lib\\site-packages\\allure_commons\\_allure.py\", line 192, in impl\n    return func(*a, **kw)\n           ^^^^^^^^^^^^^^\n  File \"C:\\Users\\skugu_000\\PycharmProjects\\Diplom\\Diplom_3\\pages\\user_account_page.py\", line 23, in click_on_order_list\n    self.click_to_visible_element(UserAccountLocators.ORDERS_HISTORY_BTN)\n  File \"C:\\Users\\skugu_000\\Diplom_3\\Lib\\site-packages\\allure_commons\\_allure.py\", line 192, in impl\n    return func(*a, **kw)\n           ^^^^^^^^^^^^^^\n  File \"C:\\Users\\skugu_000\\PycharmProjects\\Diplom\\Diplom_3\\pages\\base_page.py\", line 32, in click_to_visible_element\n    WebDriverWait(self.driver, 15).until(EC.visibility_of_element_located(locator)).click()\n  File \"C:\\Users\\skugu_000\\Diplom_3\\Lib\\site-packages\\selenium\\webdriver\\remote\\webelement.py\", line 94, in click\n    self._execute(Command.CLICK_ELEMENT)\n  File \"C:\\Users\\skugu_000\\Diplom_3\\Lib\\site-packages\\selenium\\webdriver\\remote\\webelement.py\", line 395, in _execute\n    return self._parent.execute(command, params)\n           ^^^^^^^^^^^^^^^^^^^^^^^^^^^^^^^^^^^^^\n  File \"C:\\Users\\skugu_000\\Diplom_3\\Lib\\site-packages\\selenium\\webdriver\\remote\\webdriver.py\", line 354, in execute\n    self.error_handler.check_response(response)\n  File \"C:\\Users\\skugu_000\\Diplom_3\\Lib\\site-packages\\selenium\\webdriver\\remote\\errorhandler.py\", line 229, in check_response\n    raise exception_class(message, screen, stacktrace)\n"}, "steps": [{"name": "Клик по видимому элементу", "status": "broken", "statusDetails": {"message": "selenium.common.exceptions.ElementClickInterceptedException: Message: Element <a class=\"Account_link__2ETsJ text text_type_main-medium text_color_inactive\" href=\"/account/order-history\"> is not clickable at point (171,307) because another element <div class=\"Modal_modal_overlay__x2ZCr\"> obscures it\nStacktrace:\nRemoteError@chrome://remote/content/shared/RemoteError.sys.mjs:8:8\nWebDriverError@chrome://remote/content/shared/webdriver/Errors.sys.mjs:187:5\nElementClickInterceptedError@chrome://remote/content/shared/webdriver/Errors.sys.mjs:331:5\nwebdriverClickElement@chrome://remote/content/marionette/interaction.sys.mjs:162:11\ninteraction.clickElement@chrome://remote/content/marionette/interaction.sys.mjs:121:11\nclickElement@chrome://remote/content/marionette/actors/MarionetteCommandsChild.sys.mjs:214:29\nreceiveMessage@chrome://remote/content/marionette/actors/MarionetteCommandsChild.sys.mjs:97:31\n\n", "trace": "  File \"C:\\Users\\skugu_000\\Diplom_3\\Lib\\site-packages\\allure_commons\\_allure.py\", line 192, in impl\n    return func(*a, **kw)\n           ^^^^^^^^^^^^^^\n  File \"C:\\Users\\skugu_000\\PycharmProjects\\Diplom\\Diplom_3\\pages\\base_page.py\", line 32, in click_to_visible_element\n    WebDriverWait(self.driver, 15).until(EC.visibility_of_element_located(locator)).click()\n  File \"C:\\Users\\skugu_000\\Diplom_3\\Lib\\site-packages\\selenium\\webdriver\\remote\\webelement.py\", line 94, in click\n    self._execute(Command.CLICK_ELEMENT)\n  File \"C:\\Users\\skugu_000\\Diplom_3\\Lib\\site-packages\\selenium\\webdriver\\remote\\webelement.py\", line 395, in _execute\n    return self._parent.execute(command, params)\n           ^^^^^^^^^^^^^^^^^^^^^^^^^^^^^^^^^^^^^\n  File \"C:\\Users\\skugu_000\\Diplom_3\\Lib\\site-packages\\selenium\\webdriver\\remote\\webdriver.py\", line 354, in execute\n    self.error_handler.check_response(response)\n  File \"C:\\Users\\skugu_000\\Diplom_3\\Lib\\site-packages\\selenium\\webdriver\\remote\\errorhandler.py\", line 229, in check_response\n    raise exception_class(message, screen, stacktrace)\n"}, "parameters": [{"name": "locator", "value": "('xpath', '//*[@href=\"/account/order-history\"]')"}], "start": 1719096157480, "stop": 1719096157511}], "start": 1719096157480, "stop": 1719096157612}], "parameters": [{"name": "driver", "value": "'firefox'"}], "start": 1719096152983, "stop": 1719096157696, "uuid": "5f0bd747-4f4f-48ef-a893-b71e23b04db6", "historyId": "fa7269a037e3240b784bea67db9d5277", "testCaseId": "9affa78e75e3eb50b13ca27837ff448d", "fullName": "tests.test_orders_page.TestOrderListPage#test_new_order_in_orderlist", "labels": [{"name": "parentSuite", "value": "tests"}, {"name": "suite", "value": "test_orders_page"}, {"name": "subSuite", "value": "TestOrderListPage"}, {"name": "host", "value": "pc"}, {"name": "thread", "value": "16068-MainThread"}, {"name": "framework", "value": "pytest"}, {"name": "language", "value": "cpython3"}, {"name": "package", "value": "tests.test_orders_page"}]}